<?xml version="1.0" encoding="UTF-8"?>
<testng-results ignored="0" total="10" passed="7" failed="3" skipped="0">
  <reporter-output>
  </reporter-output>
  <suite started-at="2024-06-22T17:14:28 IST" name="Loan Dpmt" finished-at="2024-06-22T17:14:28 IST" duration-ms="295">
    <groups>
      <group name="Smoke">
        <method signature="Day1.m2()[pri:0, instance:testNG.Day1@1d296da]" name="m2" class="testNG.Day1"/>
        <method signature="TestNGAnnotations.m7()[pri:0, instance:testNG.TestNGAnnotations@55b699ef]" name="m7" class="testNG.TestNGAnnotations"/>
        <method signature="Day3.m4carloan(java.lang.String,java.lang.String,java.lang.String)[pri:0, instance:testNG.Day3@62ddbd7e]" name="m4carloan" class="testNG.Day3"/>
      </group> <!-- Smoke -->
    </groups>
    <test started-at="2024-06-22T17:14:28 IST" name="Personal Loan" finished-at="2024-06-22T17:14:28 IST" duration-ms="140">
      <class name="testNG.TestNGAnnotations">
        <test-method signature="login()[pri:0, instance:testNG.TestNGAnnotations@55b699ef]" started-at="2024-06-22T17:14:28 IST" name="login" finished-at="2024-06-22T17:14:28 IST" duration-ms="8" status="PASS">
          <reporter-output>
          </reporter-output>
        </test-method> <!-- login -->
        <test-method signature="m6()[pri:0, instance:testNG.TestNGAnnotations@55b699ef]" started-at="2024-06-22T17:14:28 IST" name="m6" finished-at="2024-06-22T17:14:28 IST" duration-ms="2" status="PASS">
          <reporter-output>
          </reporter-output>
        </test-method> <!-- m6 -->
        <test-method signature="m7()[pri:0, instance:testNG.TestNGAnnotations@55b699ef]" started-at="2024-06-22T17:14:28 IST" name="m7" finished-at="2024-06-22T17:14:28 IST" duration-ms="2" status="PASS">
          <reporter-output>
          </reporter-output>
        </test-method> <!-- m7 -->
      </class> <!-- testNG.TestNGAnnotations -->
      <class name="testNG.Day2">
        <test-method is-config="true" signature="m20()[pri:0, instance:testNG.Day2@776aec5c]" started-at="2024-06-22T17:14:28 IST" name="m20" finished-at="2024-06-22T17:14:28 IST" duration-ms="1" status="PASS">
          <reporter-output>
          </reporter-output>
        </test-method> <!-- m20 -->
        <test-method is-config="true" signature="m09()[pri:0, instance:testNG.Day2@776aec5c]" started-at="2024-06-22T17:14:28 IST" name="m09" finished-at="2024-06-22T17:14:28 IST" duration-ms="1" status="PASS">
          <reporter-output>
          </reporter-output>
        </test-method> <!-- m09 -->
        <test-method signature="l3(java.lang.String)[pri:0, instance:testNG.Day2@776aec5c]" started-at="2024-06-22T17:14:28 IST" name="l3" finished-at="2024-06-22T17:14:28 IST" duration-ms="3" status="PASS">
          <params>
            <param index="0">
              <value>
                <![CDATA[qaclickacademy.com]]>
              </value>
            </param>
          </params>
          <reporter-output>
          </reporter-output>
        </test-method> <!-- l3 -->
        <test-method is-config="true" signature="m22()[pri:0, instance:testNG.Day2@776aec5c]" started-at="2024-06-22T17:14:28 IST" name="m22" finished-at="2024-06-22T17:14:28 IST" duration-ms="1" status="PASS">
          <reporter-output>
          </reporter-output>
        </test-method> <!-- m22 -->
        <test-method signature="m90(java.lang.String,java.lang.String)[pri:0, instance:testNG.Day2@776aec5c]" started-at="2024-06-22T17:14:28 IST" name="m90" data-provider="getdata" finished-at="2024-06-22T17:14:28 IST" duration-ms="16" status="FAIL">
          <params>
            <param index="0">
              <value>
                <![CDATA[firstusername]]>
              </value>
            </param>
            <param index="1">
              <value>
                <![CDATA[firstpsswrd]]>
              </value>
            </param>
          </params>
          <exception class="java.lang.AssertionError">
            <message>
              <![CDATA[expected [true] but found [false]]]>
            </message>
            <full-stacktrace>
              <![CDATA[java.lang.AssertionError: expected [true] but found [false]
at org.testng.Assert.fail(Assert.java:111)
at org.testng.Assert.failNotEquals(Assert.java:1578)
at org.testng.Assert.assertTrue(Assert.java:57)
at org.testng.Assert.assertTrue(Assert.java:67)
at testNG.Day2.m90(Day2.java:53)
at java.base/jdk.internal.reflect.DirectMethodHandleAccessor.invoke(DirectMethodHandleAccessor.java:103)
at java.base/java.lang.reflect.Method.invoke(Method.java:580)
at org.testng.internal.invokers.MethodInvocationHelper.invokeMethod(MethodInvocationHelper.java:139)
at org.testng.internal.invokers.TestInvoker.invokeMethod(TestInvoker.java:664)
at org.testng.internal.invokers.TestInvoker.invokeTestMethod(TestInvoker.java:227)
at org.testng.internal.invokers.MethodRunner.runInSequence(MethodRunner.java:50)
at org.testng.internal.invokers.TestInvoker$MethodInvocationAgent.invoke(TestInvoker.java:957)
at org.testng.internal.invokers.TestInvoker.invokeTestMethods(TestInvoker.java:200)
at org.testng.internal.invokers.TestMethodWorker.invokeTestMethods(TestMethodWorker.java:148)
at org.testng.internal.invokers.TestMethodWorker.run(TestMethodWorker.java:128)
at java.base/java.util.ArrayList.forEach(ArrayList.java:1596)
at org.testng.TestRunner.privateRun(TestRunner.java:848)
at org.testng.TestRunner.run(TestRunner.java:621)
at org.testng.SuiteRunner.runTest(SuiteRunner.java:443)
at org.testng.SuiteRunner.runSequentially(SuiteRunner.java:437)
at org.testng.SuiteRunner.privateRun(SuiteRunner.java:397)
at org.testng.SuiteRunner.run(SuiteRunner.java:336)
at org.testng.SuiteRunnerWorker.runSuite(SuiteRunnerWorker.java:52)
at org.testng.SuiteRunnerWorker.run(SuiteRunnerWorker.java:95)
at org.testng.TestNG.runSuitesSequentially(TestNG.java:1280)
at org.testng.TestNG.runSuitesLocally(TestNG.java:1200)
at org.testng.TestNG.runSuites(TestNG.java:1114)
at org.testng.TestNG.run(TestNG.java:1082)
at org.testng.remote.AbstractRemoteTestNG.run(AbstractRemoteTestNG.java:115)
at org.testng.remote.RemoteTestNG.initAndRun(RemoteTestNG.java:251)
at org.testng.remote.RemoteTestNG.main(RemoteTestNG.java:77)
]]>
            </full-stacktrace>
          </exception> <!-- java.lang.AssertionError -->
          <reporter-output>
          </reporter-output>
        </test-method> <!-- m90 -->
        <test-method is-config="true" signature="m09()[pri:0, instance:testNG.Day2@776aec5c]" started-at="2024-06-22T17:14:28 IST" name="m09" finished-at="2024-06-22T17:14:28 IST" duration-ms="0" status="PASS">
          <reporter-output>
          </reporter-output>
        </test-method> <!-- m09 -->
        <test-method is-config="true" signature="m22()[pri:0, instance:testNG.Day2@776aec5c]" started-at="2024-06-22T17:14:28 IST" name="m22" finished-at="2024-06-22T17:14:28 IST" duration-ms="0" status="PASS">
          <reporter-output>
          </reporter-output>
        </test-method> <!-- m22 -->
        <test-method signature="m90(java.lang.String,java.lang.String)[pri:0, instance:testNG.Day2@776aec5c]" started-at="2024-06-22T17:14:28 IST" name="m90" data-provider="getdata" finished-at="2024-06-22T17:14:28 IST" duration-ms="1" status="FAIL">
          <params>
            <param index="0">
              <value>
                <![CDATA[secondusername]]>
              </value>
            </param>
            <param index="1">
              <value>
                <![CDATA[secondpsswrd]]>
              </value>
            </param>
          </params>
          <exception class="java.lang.AssertionError">
            <message>
              <![CDATA[expected [true] but found [false]]]>
            </message>
            <full-stacktrace>
              <![CDATA[java.lang.AssertionError: expected [true] but found [false]
at org.testng.Assert.fail(Assert.java:111)
at org.testng.Assert.failNotEquals(Assert.java:1578)
at org.testng.Assert.assertTrue(Assert.java:57)
at org.testng.Assert.assertTrue(Assert.java:67)
at testNG.Day2.m90(Day2.java:53)
at java.base/jdk.internal.reflect.DirectMethodHandleAccessor.invoke(DirectMethodHandleAccessor.java:103)
at java.base/java.lang.reflect.Method.invoke(Method.java:580)
at org.testng.internal.invokers.MethodInvocationHelper.invokeMethod(MethodInvocationHelper.java:139)
at org.testng.internal.invokers.TestInvoker.invokeMethod(TestInvoker.java:664)
at org.testng.internal.invokers.TestInvoker.invokeTestMethod(TestInvoker.java:227)
at org.testng.internal.invokers.MethodRunner.runInSequence(MethodRunner.java:50)
at org.testng.internal.invokers.TestInvoker$MethodInvocationAgent.invoke(TestInvoker.java:957)
at org.testng.internal.invokers.TestInvoker.invokeTestMethods(TestInvoker.java:200)
at org.testng.internal.invokers.TestMethodWorker.invokeTestMethods(TestMethodWorker.java:148)
at org.testng.internal.invokers.TestMethodWorker.run(TestMethodWorker.java:128)
at java.base/java.util.ArrayList.forEach(ArrayList.java:1596)
at org.testng.TestRunner.privateRun(TestRunner.java:848)
at org.testng.TestRunner.run(TestRunner.java:621)
at org.testng.SuiteRunner.runTest(SuiteRunner.java:443)
at org.testng.SuiteRunner.runSequentially(SuiteRunner.java:437)
at org.testng.SuiteRunner.privateRun(SuiteRunner.java:397)
at org.testng.SuiteRunner.run(SuiteRunner.java:336)
at org.testng.SuiteRunnerWorker.runSuite(SuiteRunnerWorker.java:52)
at org.testng.SuiteRunnerWorker.run(SuiteRunnerWorker.java:95)
at org.testng.TestNG.runSuitesSequentially(TestNG.java:1280)
at org.testng.TestNG.runSuitesLocally(TestNG.java:1200)
at org.testng.TestNG.runSuites(TestNG.java:1114)
at org.testng.TestNG.run(TestNG.java:1082)
at org.testng.remote.AbstractRemoteTestNG.run(AbstractRemoteTestNG.java:115)
at org.testng.remote.RemoteTestNG.initAndRun(RemoteTestNG.java:251)
at org.testng.remote.RemoteTestNG.main(RemoteTestNG.java:77)
]]>
            </full-stacktrace>
          </exception> <!-- java.lang.AssertionError -->
          <reporter-output>
          </reporter-output>
        </test-method> <!-- m90 -->
        <test-method is-config="true" signature="m09()[pri:0, instance:testNG.Day2@776aec5c]" started-at="2024-06-22T17:14:28 IST" name="m09" finished-at="2024-06-22T17:14:28 IST" duration-ms="0" status="PASS">
          <reporter-output>
          </reporter-output>
        </test-method> <!-- m09 -->
        <test-method is-config="true" signature="m22()[pri:0, instance:testNG.Day2@776aec5c]" started-at="2024-06-22T17:14:28 IST" name="m22" finished-at="2024-06-22T17:14:28 IST" duration-ms="0" status="PASS">
          <reporter-output>
          </reporter-output>
        </test-method> <!-- m22 -->
        <test-method signature="m90(java.lang.String,java.lang.String)[pri:0, instance:testNG.Day2@776aec5c]" started-at="2024-06-22T17:14:28 IST" name="m90" data-provider="getdata" finished-at="2024-06-22T17:14:28 IST" duration-ms="1" status="FAIL">
          <params>
            <param index="0">
              <value>
                <![CDATA[thirdusrname]]>
              </value>
            </param>
            <param index="1">
              <value>
                <![CDATA[thirdpsswrd]]>
              </value>
            </param>
          </params>
          <exception class="java.lang.AssertionError">
            <message>
              <![CDATA[expected [true] but found [false]]]>
            </message>
            <full-stacktrace>
              <![CDATA[java.lang.AssertionError: expected [true] but found [false]
at org.testng.Assert.fail(Assert.java:111)
at org.testng.Assert.failNotEquals(Assert.java:1578)
at org.testng.Assert.assertTrue(Assert.java:57)
at org.testng.Assert.assertTrue(Assert.java:67)
at testNG.Day2.m90(Day2.java:53)
at java.base/jdk.internal.reflect.DirectMethodHandleAccessor.invoke(DirectMethodHandleAccessor.java:103)
at java.base/java.lang.reflect.Method.invoke(Method.java:580)
at org.testng.internal.invokers.MethodInvocationHelper.invokeMethod(MethodInvocationHelper.java:139)
at org.testng.internal.invokers.TestInvoker.invokeMethod(TestInvoker.java:664)
at org.testng.internal.invokers.TestInvoker.invokeTestMethod(TestInvoker.java:227)
at org.testng.internal.invokers.MethodRunner.runInSequence(MethodRunner.java:50)
at org.testng.internal.invokers.TestInvoker$MethodInvocationAgent.invoke(TestInvoker.java:957)
at org.testng.internal.invokers.TestInvoker.invokeTestMethods(TestInvoker.java:200)
at org.testng.internal.invokers.TestMethodWorker.invokeTestMethods(TestMethodWorker.java:148)
at org.testng.internal.invokers.TestMethodWorker.run(TestMethodWorker.java:128)
at java.base/java.util.ArrayList.forEach(ArrayList.java:1596)
at org.testng.TestRunner.privateRun(TestRunner.java:848)
at org.testng.TestRunner.run(TestRunner.java:621)
at org.testng.SuiteRunner.runTest(SuiteRunner.java:443)
at org.testng.SuiteRunner.runSequentially(SuiteRunner.java:437)
at org.testng.SuiteRunner.privateRun(SuiteRunner.java:397)
at org.testng.SuiteRunner.run(SuiteRunner.java:336)
at org.testng.SuiteRunnerWorker.runSuite(SuiteRunnerWorker.java:52)
at org.testng.SuiteRunnerWorker.run(SuiteRunnerWorker.java:95)
at org.testng.TestNG.runSuitesSequentially(TestNG.java:1280)
at org.testng.TestNG.runSuitesLocally(TestNG.java:1200)
at org.testng.TestNG.runSuites(TestNG.java:1114)
at org.testng.TestNG.run(TestNG.java:1082)
at org.testng.remote.AbstractRemoteTestNG.run(AbstractRemoteTestNG.java:115)
at org.testng.remote.RemoteTestNG.initAndRun(RemoteTestNG.java:251)
at org.testng.remote.RemoteTestNG.main(RemoteTestNG.java:77)
]]>
            </full-stacktrace>
          </exception> <!-- java.lang.AssertionError -->
          <reporter-output>
          </reporter-output>
        </test-method> <!-- m90 -->
        <test-method is-config="true" signature="m09()[pri:0, instance:testNG.Day2@776aec5c]" started-at="2024-06-22T17:14:28 IST" name="m09" finished-at="2024-06-22T17:14:28 IST" duration-ms="0" status="PASS">
          <reporter-output>
          </reporter-output>
        </test-method> <!-- m09 -->
        <test-method is-config="true" signature="m22()[pri:0, instance:testNG.Day2@776aec5c]" started-at="2024-06-22T17:14:28 IST" name="m22" finished-at="2024-06-22T17:14:28 IST" duration-ms="1" status="PASS">
          <reporter-output>
          </reporter-output>
        </test-method> <!-- m22 -->
        <test-method is-config="true" signature="m29()[pri:0, instance:testNG.Day2@776aec5c]" started-at="2024-06-22T17:14:28 IST" name="m29" finished-at="2024-06-22T17:14:28 IST" duration-ms="0" status="PASS">
          <reporter-output>
          </reporter-output>
        </test-method> <!-- m29 -->
      </class> <!-- testNG.Day2 -->
      <class name="testNG.Day1">
        <test-method signature="m1()[pri:0, instance:testNG.Day1@1d296da]" started-at="2024-06-22T17:14:28 IST" name="m1" finished-at="2024-06-22T17:14:28 IST" duration-ms="1" status="PASS">
          <reporter-output>
          </reporter-output>
        </test-method> <!-- m1 -->
        <test-method signature="m2()[pri:0, instance:testNG.Day1@1d296da]" started-at="2024-06-22T17:14:28 IST" name="m2" finished-at="2024-06-22T17:14:28 IST" duration-ms="2" status="PASS">
          <reporter-output>
          </reporter-output>
        </test-method> <!-- m2 -->
      </class> <!-- testNG.Day1 -->
    </test> <!-- Personal Loan -->
    <test started-at="2024-06-22T17:14:28 IST" name="Car Loan" finished-at="2024-06-22T17:14:28 IST" duration-ms="15">
      <class name="testNG.Day3">
        <test-method is-config="true" signature="m5carloanlogin()[pri:0, instance:testNG.Day3@62ddbd7e]" started-at="2024-06-22T17:14:28 IST" name="m5carloanlogin" finished-at="2024-06-22T17:14:28 IST" duration-ms="24" status="PASS">
          <reporter-output>
          </reporter-output>
        </test-method> <!-- m5carloanlogin -->
        <test-method is-config="true" signature="m5carloan()[pri:0, instance:testNG.Day3@62ddbd7e]" started-at="2024-06-22T17:14:28 IST" name="m5carloan" finished-at="2024-06-22T17:14:28 IST" duration-ms="1" status="PASS">
          <reporter-output>
          </reporter-output>
        </test-method> <!-- m5carloan -->
        <test-method signature="m4carloan(java.lang.String,java.lang.String,java.lang.String)[pri:0, instance:testNG.Day3@62ddbd7e]" started-at="2024-06-22T17:14:28 IST" name="m4carloan" finished-at="2024-06-22T17:14:28 IST" duration-ms="5" status="PASS">
          <params>
            <param index="0">
              <value>
                <![CDATA[qaclickacademy.com]]>
              </value>
            </param>
            <param index="1">
              <value>
                <![CDATA[admin123]]>
              </value>
            </param>
            <param index="2">
              <value>
                <![CDATA[test]]>
              </value>
            </param>
          </params>
          <reporter-output>
          </reporter-output>
        </test-method> <!-- m4carloan -->
      </class> <!-- testNG.Day3 -->
      <class name="testNG.Day2">
        <test-method is-config="true" signature="m4()[pri:0, instance:testNG.Day2@776aec5c]" started-at="2024-06-22T17:14:28 IST" name="m4" finished-at="2024-06-22T17:14:28 IST" duration-ms="1" status="PASS">
          <reporter-output>
          </reporter-output>
        </test-method> <!-- m4 -->
      </class> <!-- testNG.Day2 -->
    </test> <!-- Car Loan -->
  </suite> <!-- Loan Dpmt -->
</testng-results>
